====================================
====> Starting Safety Net <====
====> Starting Shadowing Application <====
video buffer constructor finished 
Loading Settings
Not Loaded Settings!
[verbose] 	v4l
[verbose] 	media0
[verbose] 	video1
[verbose] 	video0
[verbose] 	sdb
[verbose] 	sg1
[verbose] 	loop16
[verbose] 	vcsa6
[verbose] 	vcsu6
[verbose] 	vcs6
[verbose] 	vcsa5
[verbose] 	vcsu5
[verbose] 	vcs5
[verbose] 	vcsa4
[verbose] 	vcsu4
[verbose] 	vcs4
[verbose] 	vcsa3
[verbose] 	vcsu3
[verbose] 	vcs3
[verbose] 	vcsa2
[verbose] 	vcsu2
[verbose] 	vcs2
[verbose] 	kvm
[verbose] 	loop15
[verbose] 	loop14
[verbose] 	loop13
[verbose] 	fb0
[verbose] 	loop12
[verbose] 	loop11
[verbose] 	i2c-7
[verbose] 	drm_dp_aux1
[verbose] 	i2c-6
[verbose] 	drm_dp_aux0
[verbose] 	dri
[verbose] 	loop10
[verbose] 	i2c-5
[verbose] 	i2c-4
[verbose] 	i2c-3
[verbose] 	i2c-2
[verbose] 	loop9
[verbose] 	mei0
[verbose] 	i2c-1
[verbose] 	loop8
[verbose] 	i2c-0
[verbose] 	zfs
[verbose] 	snd
[verbose] 	vhost-vsock
[verbose] 	vhost-net
[verbose] 	uhid
[verbose] 	vhci
[verbose] 	userio
[verbose] 	nvram
[verbose] 	btrfs-control
[verbose] 	cuse
[verbose] 	hugepages
[verbose] 	mqueue
[verbose] 	dev-log
[verbose] 	fifo
[verbose] 	shm
[verbose] 	hidraw3
[verbose] 	usb
[verbose] 	autofs
[verbose] 	hidraw2
[verbose] 	hidraw1
[verbose] 	hidraw0
[verbose] 	disk
[verbose] 	sda2
[verbose] 	sda1
[verbose] 	sda
[verbose] 	bsg
[verbose] 	sg0
[verbose] 	ptp0
[verbose] 	block
[verbose] 	rtc0
[verbose] 	gpiochip0
[verbose] 	char
[verbose] 	nohup.out
[verbose] 	nohup.out
[verbose] 	null
[verbose] 	fd
[verbose] 	kcore
[verbose] 	pts
[verbose] 	cpu_dma_latency
[verbose] 	cpu
[verbose] 	mcelog
[verbose] 	mapper
[verbose] 	rtc0
[verbose] 	uinput
[verbose] 	psaux
[verbose] 	input
[verbose] 	bus
[verbose] 	vfio
[verbose] 	ppp
[verbose] 	net
[verbose] 	udmabuf
[verbose] 	loop7
[verbose] 	loop6
[verbose] 	loop5
[verbose] 	loop4
[verbose] 	loop3
[verbose] 	loop2
[verbose] 	loop1
[verbose] 	loop0
[verbose] 	loop-control
[verbose] 	lightnvm
[verbose] 	tpmrm0
[verbose] 	tpm0
[verbose] 	hwrng
[verbose] 	hpet
[verbose] 	ttyprintk
[verbose] 	ttyS31
[verbose] 	ttyS30
[verbose] 	ttyS29
[verbose] 	ttyS28
[verbose] 	ttyS27
[verbose] 	ttyS26
[verbose] 	ttyS25
[verbose] 	ttyS24
[verbose] 	ttyS23
[verbose] 	ttyS22
[verbose] 	ttyS21
[verbose] 	ttyS20
[verbose] 	ttyS19
[verbose] 	ttyS18
[verbose] 	ttyS17
[verbose] 	ttyS16
[verbose] 	ttyS15
[verbose] 	ttyS14
[verbose] 	ttyS13
[verbose] 	ttyS12
[verbose] 	ttyS11
[verbose] 	ttyS10
[verbose] 	ttyS9
[verbose] 	ttyS8
[verbose] 	ttyS7
[verbose] 	ttyS6
[verbose] 	ttyS5
[verbose] 	ttyS4
[verbose] 	ttyS3
[verbose] 	ttyS2
[verbose] 	ttyS1
[verbose] 	ttyS0
[verbose] 	ptmx
[verbose] 	fuse
[verbose] 	ecryptfs
[verbose] 	snapshot
[verbose] 	tty63
[verbose] 	tty62
[verbose] 	tty61
[verbose] 	tty60
[verbose] 	tty59
[verbose] 	tty58
[verbose] 	tty57
[verbose] 	tty56
[verbose] 	tty55
[verbose] 	tty54
[verbose] 	tty53
[verbose] 	tty52
[verbose] 	tty51
[verbose] 	tty50
[verbose] 	tty49
[verbose] 	tty48
[verbose] 	tty47
[verbose] 	tty46
[verbose] 	tty45
[verbose] 	tty44
[verbose] 	tty43
[verbose] 	tty42
[verbose] 	tty41
[verbose] 	tty40
[verbose] 	tty39
[verbose] 	tty38
[verbose] 	tty37
[verbose] 	tty36
[verbose] 	tty35
[verbose] 	tty34
[verbose] 	tty33
[verbose] 	tty32
[verbose] 	tty31
[verbose] 	tty30
[verbose] 	tty29
[verbose] 	tty28
[verbose] 	tty27
[verbose] 	tty26
[verbose] 	tty25
[verbose] 	tty24
[verbose] 	tty23
[verbose] 	tty22
[verbose] 	tty21
[verbose] 	tty20
[verbose] 	tty19
[verbose] 	tty18
[verbose] 	tty17
[verbose] 	tty16
[verbose] 	tty15
[verbose] 	tty14
[verbose] 	tty13
[verbose] 	tty12
[verbose] 	tty11
[verbose] 	tty10
[verbose] 	tty9
[verbose] 	tty8
[verbose] 	tty7
[verbose] 	tty6
[verbose] 	tty5
[verbose] 	tty4
[verbose] 	tty3
[verbose] 	tty2
[verbose] 	tty1
[verbose] 	vcsa1
[verbose] 	vcsu1
[verbose] 	vcs1
[verbose] 	vcsa
[verbose] 	vcsu
[verbose] 	vcs
[verbose] 	tty0
[verbose] 	console
[verbose] 	tty
[verbose] 	kmsg
[verbose] 	urandom
[verbose] 	random
[verbose] 	full
[verbose] 	zero
[verbose] 	port
[verbose] 	null
[verbose] 	mem
[verbose] 	rfkill
[verbose] 	vga_arbiter
[verbose] listed 228 files in "/dev/"
[notice ] ofSerial: [0] = ttyS31
[notice ] ofSerial: [1] = ttyS30
[notice ] ofSerial: [2] = ttyS29
[notice ] ofSerial: [3] = ttyS28
[notice ] ofSerial: [4] = ttyS27
[notice ] ofSerial: [5] = ttyS26
[notice ] ofSerial: [6] = ttyS25
[notice ] ofSerial: [7] = ttyS24
[notice ] ofSerial: [8] = ttyS23
[notice ] ofSerial: [9] = ttyS22
[notice ] ofSerial: [10] = ttyS21
[notice ] ofSerial: [11] = ttyS20
[notice ] ofSerial: [12] = ttyS19
[notice ] ofSerial: [13] = ttyS18
[notice ] ofSerial: [14] = ttyS17
[notice ] ofSerial: [15] = ttyS16
[notice ] ofSerial: [16] = ttyS15
[notice ] ofSerial: [17] = ttyS14
[notice ] ofSerial: [18] = ttyS13
[notice ] ofSerial: [19] = ttyS12
[notice ] ofSerial: [20] = ttyS11
[notice ] ofSerial: [21] = ttyS10
[notice ] ofSerial: [22] = ttyS9
[notice ] ofSerial: [23] = ttyS8
[notice ] ofSerial: [24] = ttyS7
[notice ] ofSerial: [25] = ttyS6
[notice ] ofSerial: [26] = ttyS5
[notice ] ofSerial: [27] = ttyS4
[notice ] ofSerial: [28] = ttyS3
[notice ] ofSerial: [29] = ttyS2
[notice ] ofSerial: [30] = ttyS1
[notice ] ofSerial: [31] = ttyS0
[notice ] ofSerial: opening /dev/ttyUSB0 @ 9600 bps
[ error ] ofSerial: unable to open /dev/ttyUSB0
after opening projector
[ error ] ofSerial: writeBytes(): serial not inited
Power On: Serial Command * 0 IR 001
width : 320 height: 240
OpenCV version : 4.5.1-dev
Major version : 4
Minor version : 5
Subminor version : 1
FlyCapture2 library version: 0.0.0.0
Application build date: Feb 15 2021 15:52:04

[ error ] ofxHttpUtils: ofxHttpUtils error doPostForm -- 
[ error ] ofxHttpUtils: Host not found
-1:
[warning] ofxHttpUtils: The resquest did not succeed. We will try again 4 time(s)
[ error ] ofxHttpUtils: ofxHttpUtils error doPostForm -- 
[ error ] ofxHttpUtils: Host not found
-1:
[warning] ofxHttpUtils: The resquest did not succeed. We will try again 3 time(s)
[ error ] ofxHttpUtils: ofxHttpUtils error doPostForm -- 
[ error ] ofxHttpUtils: Host not found
-1:
[warning] ofxHttpUtils: The resquest did not succeed. We will try again 2 time(s)
[ error ] ofxHttpUtils: ofxHttpUtils error doPostForm -- 
[ error ] ofxHttpUtils: Host not found
-1:
[warning] ofxHttpUtils: The resquest did not succeed. We will try again 1 time(s)
[ error ] ofxHttpUtils: ofxHttpUtils error doPostForm -- 
[ error ] ofxHttpUtils: Host not found
-1:
[warning] ofxHttpUtils: The resquest did not succeed. We will try again 0 time(s)
[ error ] ofxHttpUtils: We pop that resquest. Too much retries -- 
Number of cameras detected: 1
Attempting to connect to cam 
Cam connection result 
Error Trace:
Source: Unknown file(4294967295) Built: Unknown build date - Ok.
Number of videomodes : 1
camera model name Firefly MV FMVU-03MTM
WE HAVE FIREFLY

*** CAMERA INFORMATION ***
Serial number -16294700
Camera model - Firefly MV FMVU-03MTM
Camera vendor - Point Grey Research
Sensor - Micron MT9V022177ATM (1/3" 640x480 CMOS)
Resolution - 752x480
Firmware version - 1.8.3.0
Firmware build time - Thu Feb  9 21:18:06 2012

Frame rate is : 60
Setting Framerate : 
Frame rate is : 60
capture started
got event from: learningRate
-1
got event from: frameDiffThresh
26
got event from: pre_blur
2
got event from: morph_size
3
got event from: morph_iterations
2
got event from: _minContArea
29
min cont area: 29
got event from: _maxContArea
30000
max cont area: 29
got event from: smooth_size
6
got event from: smooth_sigma1
4
got event from: presenceTimeoutMillis
1000
got event from: maxBrightnessDiff
1200
after setup cv
before opening directory
after opening director
Masks/HandMask1.png
Masks/HandMask2.png
Masks/HandMask6.png
Masks/OffsetMask.png
Masks/maskImageCircle.png
Masks/unused masks
[ error ] ofImage: loadImage(): couldn't load image from ""Masks/unused masks""
done loading masks
after setup masks
sh: 0: Can't open /root/openusbrelay.sh
Startup: 06/03/2021 - 15:41
setup done
getting exposure 
sh: 0: Can't open /root/closeusbrelay.sh
Releasing Camera
[ error ] ofxHttpUtils: ofxHttpUtils error doPostForm -- 
[ error ] ofxHttpUtils: Host not found
-1:
[warning] ofxHttpUtils: The resquest did not succeed. We will try again 4 time(s)
[ error ] ofxHttpUtils: ofxHttpUtils error doPostForm -- 
[ error ] ofxHttpUtils: Host not found
-1:
[warning] ofxHttpUtils: The resquest did not succeed. We will try again 3 time(s)
[ error ] ofxHttpUtils: ofxHttpUtils error doPostForm -- 
[ error ] ofxHttpUtils: Host not found
-1:
[warning] ofxHttpUtils: The resquest did not succeed. We will try again 2 time(s)
[ error ] ofxHttpUtils: ofxHttpUtils error doPostForm -- 
[ error ] ofxHttpUtils: Host not found
-1:
[warning] ofxHttpUtils: The resquest did not succeed. We will try again 1 time(s)
[ error ] ofxHttpUtils: ofxHttpUtils error doPostForm -- 
[ error ] ofxHttpUtils: Host not found
-1:
[warning] ofxHttpUtils: The resquest did not succeed. We will try again 0 time(s)
[ error ] ofxHttpUtils: We pop that resquest. Too much retries -- 
capture stopped 
cam disconnected 
Released Camera
Stopped Web
Exited Gui
Saved Gui
[ error ] ofSerial: writeBytes(): serial not inited
Power Off: Serial Command * 0 IR 002
Projector Off
Finished Exit
Shutdown: 06/03/2021 - 15:41
terminate called without an active exception
Aborted (core dumped)
====================================
====> Starting Safety Net <====
====> Starting Shadowing Application <====
video buffer constructor finished 
Loading Settings
Not Loaded Settings!
[verbose] 	v4l
[verbose] 	media0
[verbose] 	video1
[verbose] 	video0
[verbose] 	sdb
[verbose] 	sg1
[verbose] 	loop16
[verbose] 	vcsa6
[verbose] 	vcsu6
[verbose] 	vcs6
[verbose] 	vcsa5
[verbose] 	vcsu5
[verbose] 	vcs5
[verbose] 	vcsa4
[verbose] 	vcsu4
[verbose] 	vcs4
[verbose] 	vcsa3
[verbose] 	vcsu3
[verbose] 	vcs3
[verbose] 	vcsa2
[verbose] 	vcsu2
[verbose] 	vcs2
[verbose] 	kvm
[verbose] 	loop15
[verbose] 	loop14
[verbose] 	loop13
[verbose] 	fb0
[verbose] 	loop12
[verbose] 	loop11
[verbose] 	i2c-7
[verbose] 	drm_dp_aux1
[verbose] 	i2c-6
[verbose] 	drm_dp_aux0
[verbose] 	dri
[verbose] 	loop10
[verbose] 	i2c-5
[verbose] 	i2c-4
[verbose] 	i2c-3
[verbose] 	i2c-2
[verbose] 	loop9
[verbose] 	mei0
[verbose] 	i2c-1
[verbose] 	loop8
[verbose] 	i2c-0
[verbose] 	zfs
[verbose] 	snd
[verbose] 	vhost-vsock
[verbose] 	vhost-net
[verbose] 	uhid
[verbose] 	vhci
[verbose] 	userio
[verbose] 	nvram
[verbose] 	btrfs-control
[verbose] 	cuse
[verbose] 	hugepages
[verbose] 	mqueue
[verbose] 	dev-log
[verbose] 	fifo
[verbose] 	shm
[verbose] 	hidraw3
[verbose] 	usb
[verbose] 	autofs
[verbose] 	hidraw2
[verbose] 	hidraw1
[verbose] 	hidraw0
[verbose] 	disk
[verbose] 	sda2
[verbose] 	sda1
[verbose] 	sda
[verbose] 	bsg
[verbose] 	sg0
[verbose] 	ptp0
[verbose] 	block
[verbose] 	rtc0
[verbose] 	gpiochip0
[verbose] 	char
[verbose] 	nohup.out
[verbose] 	nohup.out
[verbose] 	null
[verbose] 	fd
[verbose] 	kcore
[verbose] 	pts
[verbose] 	cpu_dma_latency
[verbose] 	cpu
[verbose] 	mcelog
[verbose] 	mapper
[verbose] 	rtc0
[verbose] 	uinput
[verbose] 	psaux
[verbose] 	input
[verbose] 	bus
[verbose] 	vfio
[verbose] 	ppp
[verbose] 	net
[verbose] 	udmabuf
[verbose] 	loop7
[verbose] 	loop6
[verbose] 	loop5
[verbose] 	loop4
[verbose] 	loop3
[verbose] 	loop2
[verbose] 	loop1
[verbose] 	loop0
[verbose] 	loop-control
[verbose] 	lightnvm
[verbose] 	tpmrm0
[verbose] 	tpm0
[verbose] 	hwrng
[verbose] 	hpet
[verbose] 	ttyprintk
[verbose] 	ttyS31
[verbose] 	ttyS30
[verbose] 	ttyS29
[verbose] 	ttyS28
[verbose] 	ttyS27
[verbose] 	ttyS26
[verbose] 	ttyS25
[verbose] 	ttyS24
[verbose] 	ttyS23
[verbose] 	ttyS22
[verbose] 	ttyS21
[verbose] 	ttyS20
[verbose] 	ttyS19
[verbose] 	ttyS18
[verbose] 	ttyS17
[verbose] 	ttyS16
[verbose] 	ttyS15
[verbose] 	ttyS14
[verbose] 	ttyS13
[verbose] 	ttyS12
[verbose] 	ttyS11
[verbose] 	ttyS10
[verbose] 	ttyS9
[verbose] 	ttyS8
[verbose] 	ttyS7
[verbose] 	ttyS6
[verbose] 	ttyS5
[verbose] 	ttyS4
[verbose] 	ttyS3
[verbose] 	ttyS2
[verbose] 	ttyS1
[verbose] 	ttyS0
[verbose] 	ptmx
[verbose] 	fuse
[verbose] 	ecryptfs
[verbose] 	snapshot
[verbose] 	tty63
[verbose] 	tty62
[verbose] 	tty61
[verbose] 	tty60
[verbose] 	tty59
[verbose] 	tty58
[verbose] 	tty57
[verbose] 	tty56
[verbose] 	tty55
[verbose] 	tty54
[verbose] 	tty53
[verbose] 	tty52
[verbose] 	tty51
[verbose] 	tty50
[verbose] 	tty49
[verbose] 	tty48
[verbose] 	tty47
[verbose] 	tty46
[verbose] 	tty45
[verbose] 	tty44
[verbose] 	tty43
[verbose] 	tty42
[verbose] 	tty41
[verbose] 	tty40
[verbose] 	tty39
[verbose] 	tty38
[verbose] 	tty37
[verbose] 	tty36
[verbose] 	tty35
[verbose] 	tty34
[verbose] 	tty33
[verbose] 	tty32
[verbose] 	tty31
[verbose] 	tty30
[verbose] 	tty29
[verbose] 	tty28
[verbose] 	tty27
[verbose] 	tty26
[verbose] 	tty25
[verbose] 	tty24
[verbose] 	tty23
[verbose] 	tty22
[verbose] 	tty21
[verbose] 	tty20
[verbose] 	tty19
[verbose] 	tty18
[verbose] 	tty17
[verbose] 	tty16
[verbose] 	tty15
[verbose] 	tty14
[verbose] 	tty13
[verbose] 	tty12
[verbose] 	tty11
[verbose] 	tty10
[verbose] 	tty9
[verbose] 	tty8
[verbose] 	tty7
[verbose] 	tty6
[verbose] 	tty5
[verbose] 	tty4
[verbose] 	tty3
[verbose] 	tty2
[verbose] 	tty1
[verbose] 	vcsa1
[verbose] 	vcsu1
[verbose] 	vcs1
[verbose] 	vcsa
[verbose] 	vcsu
[verbose] 	vcs
[verbose] 	tty0
[verbose] 	console
[verbose] 	tty
[verbose] 	kmsg
[verbose] 	urandom
[verbose] 	random
[verbose] 	full
[verbose] 	zero
[verbose] 	port
[verbose] 	null
[verbose] 	mem
[verbose] 	rfkill
[verbose] 	vga_arbiter
[verbose] listed 228 files in "/dev/"
[notice ] ofSerial: [0] = ttyS31
[notice ] ofSerial: [1] = ttyS30
[notice ] ofSerial: [2] = ttyS29
[notice ] ofSerial: [3] = ttyS28
[notice ] ofSerial: [4] = ttyS27
[notice ] ofSerial: [5] = ttyS26
[notice ] ofSerial: [6] = ttyS25
[notice ] ofSerial: [7] = ttyS24
[notice ] ofSerial: [8] = ttyS23
[notice ] ofSerial: [9] = ttyS22
[notice ] ofSerial: [10] = ttyS21
[notice ] ofSerial: [11] = ttyS20
[notice ] ofSerial: [12] = ttyS19
[notice ] ofSerial: [13] = ttyS18
[notice ] ofSerial: [14] = ttyS17
[notice ] ofSerial: [15] = ttyS16
[notice ] ofSerial: [16] = ttyS15
[notice ] ofSerial: [17] = ttyS14
[notice ] ofSerial: [18] = ttyS13
[notice ] ofSerial: [19] = ttyS12
[notice ] ofSerial: [20] = ttyS11
[notice ] ofSerial: [21] = ttyS10
[notice ] ofSerial: [22] = ttyS9
[notice ] ofSerial: [23] = ttyS8
[notice ] ofSerial: [24] = ttyS7
[notice ] ofSerial: [25] = ttyS6
[notice ] ofSerial: [26] = ttyS5
[notice ] ofSerial: [27] = ttyS4
[notice ] ofSerial: [28] = ttyS3
[notice ] ofSerial: [29] = ttyS2
[notice ] ofSerial: [30] = ttyS1
[notice ] ofSerial: [31] = ttyS0
[notice ] ofSerial: opening /dev/ttyUSB0 @ 9600 bps
[ error ] ofSerial: unable to open /dev/ttyUSB0
after opening projector
[ error ] ofSerial: writeBytes(): serial not inited
Power On: Serial Command * 0 IR 001
width : 320 height: 240
OpenCV version : 4.5.1-dev
Major version : 4
Minor version : 5
Subminor version : 1
FlyCapture2 library version: 0.0.0.0
Application build date: Feb 15 2021 15:52:04

[ error ] ofxHttpUtils: ofxHttpUtils error doPostForm -- 
[ error ] ofxHttpUtils: Host not found
-1:
[warning] ofxHttpUtils: The resquest did not succeed. We will try again 4 time(s)
[ error ] ofxHttpUtils: ofxHttpUtils error doPostForm -- 
[ error ] ofxHttpUtils: Host not found
-1:
[warning] ofxHttpUtils: The resquest did not succeed. We will try again 3 time(s)
[ error ] ofxHttpUtils: ofxHttpUtils error doPostForm -- 
[ error ] ofxHttpUtils: Host not found
-1:
[warning] ofxHttpUtils: The resquest did not succeed. We will try again 2 time(s)
[ error ] ofxHttpUtils: ofxHttpUtils error doPostForm -- 
[ error ] ofxHttpUtils: Host not found
-1:
[warning] ofxHttpUtils: The resquest did not succeed. We will try again 1 time(s)
[ error ] ofxHttpUtils: ofxHttpUtils error doPostForm -- 
[ error ] ofxHttpUtils: Host not found
-1:
[warning] ofxHttpUtils: The resquest did not succeed. We will try again 0 time(s)
[ error ] ofxHttpUtils: We pop that resquest. Too much retries -- 
Number of cameras detected: 1
Attempting to connect to cam 
Cam connection result 
Error Trace:
Source: Unknown file(4294967295) Built: Unknown build date - Ok.
Number of videomodes : 1
camera model name Firefly MV FMVU-03MTM
WE HAVE FIREFLY

*** CAMERA INFORMATION ***
Serial number -16294700
Camera model - Firefly MV FMVU-03MTM
Camera vendor - Point Grey Research
Sensor - Micron MT9V022177ATM (1/3" 640x480 CMOS)
Resolution - 752x480
Firmware version - 1.8.3.0
Firmware build time - Thu Feb  9 21:18:06 2012

Frame rate is : 60
Setting Framerate : 
Frame rate is : 60
capture started
got event from: learningRate
-1
got event from: frameDiffThresh
26
got event from: pre_blur
2
got event from: morph_size
3
got event from: morph_iterations
2
got event from: _minContArea
29
min cont area: 29
got event from: _maxContArea
30000
max cont area: 29
got event from: smooth_size
6
got event from: smooth_sigma1
4
got event from: presenceTimeoutMillis
1000
got event from: maxBrightnessDiff
1200
after setup cv
before opening directory
after opening director
Masks/HandMask1.png
Masks/HandMask2.png
Masks/HandMask6.png
Masks/OffsetMask.png
Masks/maskImageCircle.png
Masks/unused masks
[ error ] ofImage: loadImage(): couldn't load image from ""Masks/unused masks""
done loading masks
after setup masks
sh: 0: Can't open /root/openusbrelay.sh
Startup: 06/03/2021 - 15:42
setup done
getting exposure 
sh: 0: Can't open /root/closeusbrelay.sh
Releasing Camera
[ error ] ofxHttpUtils: ofxHttpUtils error doPostForm -- 
[ error ] ofxHttpUtils: Host not found
-1:
[warning] ofxHttpUtils: The resquest did not succeed. We will try again 4 time(s)
[ error ] ofxHttpUtils: ofxHttpUtils error doPostForm -- 
[ error ] ofxHttpUtils: Host not found
-1:
[warning] ofxHttpUtils: The resquest did not succeed. We will try again 3 time(s)
[ error ] ofxHttpUtils: ofxHttpUtils error doPostForm -- 
[ error ] ofxHttpUtils: Host not found
-1:
[warning] ofxHttpUtils: The resquest did not succeed. We will try again 2 time(s)
[ error ] ofxHttpUtils: ofxHttpUtils error doPostForm -- 
[ error ] ofxHttpUtils: Host not found
-1:
[warning] ofxHttpUtils: The resquest did not succeed. We will try again 1 time(s)
[ error ] ofxHttpUtils: ofxHttpUtils error doPostForm -- 
[ error ] ofxHttpUtils: Host not found
-1:
[warning] ofxHttpUtils: The resquest did not succeed. We will try again 0 time(s)
[ error ] ofxHttpUtils: We pop that resquest. Too much retries -- 
capture stopped 
cam disconnected 
Released Camera
Stopped Web
Exited Gui
Saved Gui
[ error ] ofSerial: writeBytes(): serial not inited
Power Off: Serial Command * 0 IR 002
Projector Off
Finished Exit
Shutdown: 06/03/2021 - 15:42
terminate called without an active exception
Aborted (core dumped)
